[0507/000920.677:INFO:CONSOLE(137)] "Event handler of 'x-storagemutated-1' event must be added on the initial evaluation of worker script.", source: https://static.whatsapp.net/rsrc.php/v3/yb/r/YqC2_GNbzX8.js?_nc_x=Ij3Wp8lg5Kz (137)
[0507/000920.924:INFO:CONSOLE(0)] "Error with Permissions-Policy header: Feature xr-spatial-tracking's parameters are ignored.", source:  (0)
[0507/000920.924:INFO:CONSOLE(0)] "Error with Permissions-Policy header: Origin trial controlled feature not enabled: 'attribution-reporting'.", source:  (0)
[0507/000920.924:INFO:CONSOLE(0)] "Error with Permissions-Policy header: Unrecognized feature: 'bluetooth'.", source:  (0)
[0507/000920.924:INFO:CONSOLE(0)] "Error with Permissions-Policy header: Unrecognized feature: 'ch-save-data'.", source:  (0)
[0507/000920.924:INFO:CONSOLE(0)] "Error with Permissions-Policy header: Origin trial controlled feature not enabled: 'ch-viewport-height'.", source:  (0)
[0507/000920.924:INFO:CONSOLE(0)] "Error with Permissions-Policy header: Unrecognized feature: 'gamepad'.", source:  (0)
[0507/000920.924:INFO:CONSOLE(0)] "Error with Permissions-Policy header: Unrecognized feature: 'interest-cohort'.", source:  (0)
[0507/000920.924:INFO:CONSOLE(0)] "Error with Permissions-Policy header: Unrecognized feature: 'local-fonts'.", source:  (0)
[0507/000920.924:INFO:CONSOLE(0)] "Error with Permissions-Policy header: Unrecognized feature: 'private-state-token-issuance'.", source:  (0)
[0507/000920.924:INFO:CONSOLE(0)] "Error with Permissions-Policy header: Unrecognized feature: 'shared-storage'.", source:  (0)
[0507/000920.924:INFO:CONSOLE(0)] "Error with Permissions-Policy header: Unrecognized feature: 'shared-storage-select-url'.", source:  (0)
[0507/000920.924:INFO:CONSOLE(0)] "Error with Permissions-Policy header: Unrecognized feature: 'private-state-token-redemption'.", source:  (0)
[0507/000920.924:INFO:CONSOLE(0)] "Error with Permissions-Policy header: Unrecognized feature: 'window-management'.", source:  (0)
[0507/000922.798:INFO:CONSOLE(137)] "Event handler of 'x-storagemutated-1' event must be added on the initial evaluation of worker script.", source: https://static.whatsapp.net/rsrc.php/v3/yb/r/YqC2_GNbzX8.js?_nc_x=Ij3Wp8lg5Kz (137)
[0507/000945.482:INFO:CONSOLE(0)] "Error with Permissions-Policy header: Feature xr-spatial-tracking's parameters are ignored.", source:  (0)
[0507/000945.482:INFO:CONSOLE(0)] "Error with Permissions-Policy header: Origin trial controlled feature not enabled: 'attribution-reporting'.", source:  (0)
[0507/000945.482:INFO:CONSOLE(0)] "Error with Permissions-Policy header: Unrecognized feature: 'bluetooth'.", source:  (0)
[0507/000945.482:INFO:CONSOLE(0)] "Error with Permissions-Policy header: Unrecognized feature: 'ch-save-data'.", source:  (0)
[0507/000945.482:INFO:CONSOLE(0)] "Error with Permissions-Policy header: Origin trial controlled feature not enabled: 'ch-viewport-height'.", source:  (0)
[0507/000945.482:INFO:CONSOLE(0)] "Error with Permissions-Policy header: Unrecognized feature: 'gamepad'.", source:  (0)
[0507/000945.482:INFO:CONSOLE(0)] "Error with Permissions-Policy header: Unrecognized feature: 'interest-cohort'.", source:  (0)
[0507/000945.482:INFO:CONSOLE(0)] "Error with Permissions-Policy header: Unrecognized feature: 'local-fonts'.", source:  (0)
[0507/000945.482:INFO:CONSOLE(0)] "Error with Permissions-Policy header: Unrecognized feature: 'private-state-token-issuance'.", source:  (0)
[0507/000945.482:INFO:CONSOLE(0)] "Error with Permissions-Policy header: Unrecognized feature: 'shared-storage'.", source:  (0)
[0507/000945.482:INFO:CONSOLE(0)] "Error with Permissions-Policy header: Unrecognized feature: 'shared-storage-select-url'.", source:  (0)
[0507/000945.482:INFO:CONSOLE(0)] "Error with Permissions-Policy header: Unrecognized feature: 'private-state-token-redemption'.", source:  (0)
[0507/000945.482:INFO:CONSOLE(0)] "Error with Permissions-Policy header: Unrecognized feature: 'window-management'.", source:  (0)
[0507/000947.103:INFO:CONSOLE(137)] "Event handler of 'x-storagemutated-1' event must be added on the initial evaluation of worker script.", source: https://static.whatsapp.net/rsrc.php/v3/yb/r/YqC2_GNbzX8.js?_nc_x=Ij3Wp8lg5Kz (137)
